This file contains any messages produced by compilers while
running configure, to aid debugging if configure makes a mistake.

It was created by libvorbis configure 1.3.4, which was
generated by GNU Autoconf 2.69.  Invocation command line was

  $ ./configure --enable-maintainer-mode

## --------- ##
## Platform. ##
## --------- ##

hostname = sebi-2.local
uname -m = x86_64
uname -r = 13.1.0
uname -s = Darwin
uname -v = Darwin Kernel Version 13.1.0: Thu Jan 16 19:40:37 PST 2014; root:xnu-2422.90.20~2/RELEASE_X86_64

/usr/bin/uname -p = i386
/bin/uname -X     = unknown

/bin/arch              = unknown
/usr/bin/arch -k       = unknown
/usr/convex/getsysinfo = unknown
/usr/bin/hostinfo      = Mach kernel version:
	 Darwin Kernel Version 13.1.0: Thu Jan 16 19:40:37 PST 2014; root:xnu-2422.90.20~2/RELEASE_X86_64
Kernel configured for up to 4 processors.
2 processors are physically available.
4 processors are logically available.
Processor type: i486 (Intel 80486)
Processors active: 0 1 2 3
Primary memory available: 8.00 gigabytes
Default processor set: 177 tasks, 1018 threads, 4 processors
Load average: 1.97, Mach factor: 2.03
/bin/machine           = unknown
/usr/bin/oslevel       = unknown
/bin/universe          = unknown

PATH: /opt/local/bin
PATH: /opt/local/sbin
PATH: /opt/local/bin
PATH: /opt/local/sbin
PATH: /opt/local/bin
PATH: /opt/local/sbin
PATH: /usr/local/bin
PATH: /usr/bin
PATH: /bin
PATH: /usr/sbin
PATH: /sbin
PATH: /opt/X11/bin
PATH: /usr/local/git/bin
PATH: /Users/sd/android-ndk-r8
PATH: /Users/sd/android-sdk-macosx/platform-tools


## ----------- ##
## Core tests. ##
## ----------- ##

configure:2357: checking build system type
configure:2371: result: x86_64-apple-darwin13.1.0
configure:2391: checking host system type
configure:2404: result: x86_64-apple-darwin13.1.0
configure:2424: checking target system type
configure:2437: result: x86_64-apple-darwin13.1.0
configure:2480: checking for a BSD-compatible install
configure:2548: result: /usr/bin/install -c
configure:2559: checking whether build environment is sane
configure:2614: result: yes
configure:2652: WARNING: 'missing' script is too old or missing
configure:2765: checking for a thread-safe mkdir -p
configure:2804: result: ./install-sh -c -d
configure:2811: checking for gawk
configure:2841: result: no
configure:2811: checking for mawk
configure:2841: result: no
configure:2811: checking for nawk
configure:2841: result: no
configure:2811: checking for awk
configure:2827: found /usr/bin/awk
configure:2838: result: awk
configure:2849: checking whether make sets $(MAKE)
configure:2871: result: yes
configure:2900: checking whether make supports nested variables
configure:2917: result: yes
configure:3043: checking whether to enable maintainer-specific portions of Makefiles
configure:3052: result: yes
configure:3142: checking for gcc
configure:3158: found /usr/bin/gcc
configure:3169: result: gcc
configure:3398: checking for C compiler version
configure:3407: gcc --version >&5
Apple LLVM version 5.1 (clang-503.0.38) (based on LLVM 3.4svn)
Target: x86_64-apple-darwin13.1.0
Thread model: posix
Configured with: --prefix=/Applications/Xcode.app/Contents/Developer/usr --with-gxx-include-dir=/usr/include/c++/4.2.1
configure:3418: $? = 0
configure:3407: gcc -v >&5
Configured with: --prefix=/Applications/Xcode.app/Contents/Developer/usr --with-gxx-include-dir=/usr/include/c++/4.2.1
Apple LLVM version 5.1 (clang-503.0.38) (based on LLVM 3.4svn)
Target: x86_64-apple-darwin13.1.0
Thread model: posix
configure:3418: $? = 0
configure:3407: gcc -V >&5
clang: error: argument to '-V' is missing (expected 1 value)
clang: error: no input files
configure:3418: $? = 1
configure:3407: gcc -qversion >&5
clang: error: unknown argument: '-qversion' [-Wunused-command-line-argument-hard-error-in-future]
clang: note: this will be a hard error (cannot be downgraded to a warning) in the future
clang: error: no input files
configure:3418: $? = 1
configure:3438: checking whether the C compiler works
configure:3460: gcc    conftest.c  >&5
configure:3464: $? = 0
configure:3512: result: yes
configure:3515: checking for C compiler default output file name
configure:3517: result: a.out
configure:3523: checking for suffix of executables
configure:3530: gcc -o conftest    conftest.c  >&5
configure:3534: $? = 0
configure:3556: result: 
configure:3578: checking whether we are cross compiling
configure:3586: gcc -o conftest    conftest.c  >&5
configure:3590: $? = 0
configure:3597: ./conftest
configure:3601: $? = 0
configure:3616: result: no
configure:3621: checking for suffix of object files
configure:3643: gcc -c   conftest.c >&5
configure:3647: $? = 0
configure:3668: result: o
configure:3672: checking whether we are using the GNU C compiler
configure:3691: gcc -c   conftest.c >&5
configure:3691: $? = 0
configure:3700: result: yes
configure:3709: checking whether gcc accepts -g
configure:3729: gcc -c -g  conftest.c >&5
configure:3729: $? = 0
configure:3770: result: yes
configure:3787: checking for gcc option to accept ISO C89
configure:3850: gcc  -c -g -O2  conftest.c >&5
configure:3850: $? = 0
configure:3863: result: none needed
configure:3888: checking whether gcc understands -c and -o together
configure:3910: gcc -c conftest.c -o conftest2.o
configure:3913: $? = 0
configure:3910: gcc -c conftest.c -o conftest2.o
configure:3913: $? = 0
configure:3925: result: yes
configure:3953: checking for style of include used by make
configure:3981: result: GNU
configure:4007: checking dependency style of gcc
configure:4118: result: gcc3
configure:4138: checking how to run the C preprocessor
configure:4169: gcc -E  conftest.c
configure:4169: $? = 0
configure:4183: gcc -E  conftest.c
conftest.c:11:10: fatal error: 'ac_nonexistent.h' file not found
#include <ac_nonexistent.h>
         ^
1 error generated.
configure:4183: $? = 1
configure: failed program was:
| /* confdefs.h */
| #define PACKAGE_NAME "libvorbis"
| #define PACKAGE_TARNAME "libvorbis"
| #define PACKAGE_VERSION "1.3.4"
| #define PACKAGE_STRING "libvorbis 1.3.4"
| #define PACKAGE_BUGREPORT "vorbis-dev@xiph.org"
| #define PACKAGE_URL ""
| #define PACKAGE "libvorbis"
| #define VERSION "1.3.4"
| /* end confdefs.h.  */
| #include <ac_nonexistent.h>
configure:4208: result: gcc -E
configure:4228: gcc -E  conftest.c
configure:4228: $? = 0
configure:4242: gcc -E  conftest.c
conftest.c:11:10: fatal error: 'ac_nonexistent.h' file not found
#include <ac_nonexistent.h>
         ^
1 error generated.
configure:4242: $? = 1
configure: failed program was:
| /* confdefs.h */
| #define PACKAGE_NAME "libvorbis"
| #define PACKAGE_TARNAME "libvorbis"
| #define PACKAGE_VERSION "1.3.4"
| #define PACKAGE_STRING "libvorbis 1.3.4"
| #define PACKAGE_BUGREPORT "vorbis-dev@xiph.org"
| #define PACKAGE_URL ""
| #define PACKAGE "libvorbis"
| #define VERSION "1.3.4"
| /* end confdefs.h.  */
| #include <ac_nonexistent.h>
configure:4273: checking for inline
configure:4289: gcc -c   conftest.c >&5
configure:4289: $? = 0
configure:4297: result: inline
configure:4665: checking how to print strings
configure:4692: result: printf
configure:4713: checking for a sed that does not truncate output
configure:4777: result: /usr/bin/sed
configure:4795: checking for grep that handles long lines and -e
configure:4853: result: /usr/bin/grep
configure:4858: checking for egrep
configure:4920: result: /usr/bin/grep -E
configure:4925: checking for fgrep
configure:4987: result: /usr/bin/grep -F
configure:5022: checking for ld used by gcc
configure:5089: result: /Applications/Xcode.app/Contents/Developer/Toolchains/XcodeDefault.xctoolchain/usr/bin/ld
configure:5096: checking if the linker (/Applications/Xcode.app/Contents/Developer/Toolchains/XcodeDefault.xctoolchain/usr/bin/ld) is GNU ld
configure:5111: result: no
configure:5123: checking for BSD- or MS-compatible name lister (nm)
configure:5172: result: /usr/bin/nm
configure:5302: checking the name lister (/usr/bin/nm) interface
configure:5309: gcc -c   conftest.c >&5
configure:5312: /usr/bin/nm "conftest.o"
configure:5315: output
0000000000000000 S _some_variable
configure:5322: result: BSD nm
configure:5325: checking whether ln -s works
configure:5329: result: yes
configure:5337: checking the maximum length of command line arguments
configure:5467: result: 196608
configure:5484: checking whether the shell understands some XSI constructs
configure:5494: result: yes
configure:5498: checking whether the shell understands "+="
configure:5504: result: yes
configure:5539: checking how to convert x86_64-apple-darwin13.1.0 file names to x86_64-apple-darwin13.1.0 format
configure:5579: result: func_convert_file_noop
configure:5586: checking how to convert x86_64-apple-darwin13.1.0 file names to toolchain format
configure:5606: result: func_convert_file_noop
configure:5613: checking for /Applications/Xcode.app/Contents/Developer/Toolchains/XcodeDefault.xctoolchain/usr/bin/ld option to reload object files
configure:5620: result: -r
configure:5694: checking for objdump
configure:5721: result: objdump
configure:5750: checking how to recognize dependent libraries
configure:5952: result: pass_all
configure:6037: checking for dlltool
configure:6064: result: dlltool
configure:6094: checking how to associate runtime and link libraries
configure:6121: result: printf %s\n
configure:6181: checking for ar
configure:6197: found /usr/bin/ar
configure:6208: result: ar
configure:6245: checking for archiver @FILE support
configure:6262: gcc -c   conftest.c >&5
configure:6262: $? = 0
configure:6265: ar cru libconftest.a @conftest.lst >&5
ar: @conftest.lst: No such file or directory
configure:6268: $? = 1
configure:6288: result: no
configure:6346: checking for strip
configure:6362: found /usr/bin/strip
configure:6373: result: strip
configure:6445: checking for ranlib
configure:6461: found /usr/bin/ranlib
configure:6472: result: ranlib
configure:6574: checking command to parse /usr/bin/nm output from gcc object
configure:6694: gcc -c   conftest.c >&5
configure:6697: $? = 0
configure:6701: /usr/bin/nm conftest.o \| sed -n -e 's/^.*[ ]\([BCDEGRST][BCDEGRST]*\)[ ][ ]*\([_A-Za-z][_A-Za-z0-9]*\)$/\1 \2 \2/p' | sed '/ __gnu_lto/d' \> conftest.nm
configure:6704: $? = 0
cannot find nm_test_var in conftest.nm
configure:6694: gcc -c   conftest.c >&5
configure:6697: $? = 0
configure:6701: /usr/bin/nm conftest.o \| sed -n -e 's/^.*[ ]\([BCDEGRST][BCDEGRST]*\)[ ][ ]*_\([_A-Za-z][_A-Za-z0-9]*\)$/\1 _\2 \2/p' | sed '/ __gnu_lto/d' \> conftest.nm
configure:6704: $? = 0
configure:6770: gcc -o conftest    conftest.c conftstm.o >&5
configure:6773: $? = 0
configure:6811: result: ok
configure:6848: checking for sysroot
configure:6878: result: no
configure:7134: checking for mt
configure:7164: result: no
configure:7184: checking if : is a manifest tool
configure:7190: : '-?'
configure:7198: result: no
configure:7254: checking for dsymutil
configure:7270: found /usr/bin/dsymutil
configure:7281: result: dsymutil
configure:7346: checking for nmedit
configure:7362: found /usr/bin/nmedit
configure:7373: result: nmedit
configure:7438: checking for lipo
configure:7454: found /usr/bin/lipo
configure:7465: result: lipo
configure:7530: checking for otool
configure:7546: found /usr/bin/otool
configure:7557: result: otool
configure:7622: checking for otool64
configure:7652: result: no
configure:7697: checking for -single_module linker flag
gcc   -o libconftest.dylib -dynamiclib -Wl,-single_module conftest.c
configure:7730: result: yes
configure:7733: checking for -exported_symbols_list linker flag
configure:7753: gcc -o conftest    -Wl,-exported_symbols_list,conftest.sym conftest.c  >&5
configure:7753: $? = 0
configure:7763: result: yes
configure:7766: checking for -force_load linker flag
gcc  -c -o conftest.o conftest.c
ar cru libconftest.a conftest.o
ranlib libconftest.a
gcc   -o conftest conftest.c -Wl,-force_load,./libconftest.a
configure:7798: result: yes
configure:7836: checking for ANSI C header files
configure:7856: gcc -c   conftest.c >&5
configure:7856: $? = 0
configure:7929: gcc -o conftest    conftest.c  >&5
configure:7929: $? = 0
configure:7929: ./conftest
configure:7929: $? = 0
configure:7940: result: yes
configure:7953: checking for sys/types.h
configure:7953: gcc -c   conftest.c >&5
configure:7953: $? = 0
configure:7953: result: yes
configure:7953: checking for sys/stat.h
configure:7953: gcc -c   conftest.c >&5
configure:7953: $? = 0
configure:7953: result: yes
configure:7953: checking for stdlib.h
configure:7953: gcc -c   conftest.c >&5
configure:7953: $? = 0
configure:7953: result: yes
configure:7953: checking for string.h
configure:7953: gcc -c   conftest.c >&5
configure:7953: $? = 0
configure:7953: result: yes
configure:7953: checking for memory.h
configure:7953: gcc -c   conftest.c >&5
configure:7953: $? = 0
configure:7953: result: yes
configure:7953: checking for strings.h
configure:7953: gcc -c   conftest.c >&5
configure:7953: $? = 0
configure:7953: result: yes
configure:7953: checking for inttypes.h
configure:7953: gcc -c   conftest.c >&5
configure:7953: $? = 0
configure:7953: result: yes
configure:7953: checking for stdint.h
configure:7953: gcc -c   conftest.c >&5
configure:7953: $? = 0
configure:7953: result: yes
configure:7953: checking for unistd.h
configure:7953: gcc -c   conftest.c >&5
configure:7953: $? = 0
configure:7953: result: yes
configure:7967: checking for dlfcn.h
configure:7967: gcc -c   conftest.c >&5
configure:7967: $? = 0
configure:7967: result: yes
configure:8171: checking for objdir
configure:8186: result: .libs
configure:8453: checking if gcc supports -fno-rtti -fno-exceptions
configure:8471: gcc -c   -fno-rtti -fno-exceptions conftest.c >&5
configure:8475: $? = 0
configure:8488: result: yes
configure:8815: checking for gcc option to produce PIC
configure:8822: result: -fno-common -DPIC
configure:8830: checking if gcc PIC flag -fno-common -DPIC works
configure:8848: gcc -c   -fno-common -DPIC -DPIC conftest.c >&5
configure:8852: $? = 0
configure:8865: result: yes
configure:8894: checking if gcc static flag -static works
configure:8922: result: no
configure:8937: checking if gcc supports -c -o file.o
configure:8958: gcc -c   -o out/conftest2.o conftest.c >&5
configure:8962: $? = 0
configure:8984: result: yes
configure:8992: checking if gcc supports -c -o file.o
configure:9039: result: yes
configure:9072: checking whether the gcc linker (/Applications/Xcode.app/Contents/Developer/Toolchains/XcodeDefault.xctoolchain/usr/bin/ld) supports shared libraries
configure:10225: result: yes
configure:10465: checking dynamic linker characteristics
configure:11198: result: darwin13.1.0 dyld
configure:11305: checking how to hardcode library paths into programs
configure:11330: result: immediate
configure:11870: checking whether stripping libraries is possible
configure:11884: result: yes
configure:11910: checking if libtool supports shared libraries
configure:11912: result: yes
configure:11915: checking whether to build shared libraries
configure:11936: result: yes
configure:11939: checking whether to build static libraries
configure:11943: result: yes
configure:12184: checking GCC version
configure:12187: result: 4.2.1
configure:12328: checking if gcc accepts -Wdeclaration-after-statement
configure:12343: gcc -o conftest -DDARWIN -fno-common -force_cpusubtype_ALL -Wall -g -O4 -ffast-math -fsigned-char -Wdeclaration-after-statement   conftest.c  >&5
clang: warning: -O4 is equivalent to -O3
configure:12343: $? = 0
configure:12344: result: yes
configure:12358: checking for memory.h
configure:12358: result: yes
configure:12370: checking for cos in -lm
configure:12395: gcc -o conftest -DDARWIN -fno-common -force_cpusubtype_ALL -Wall -g -O4 -ffast-math -fsigned-char -Wdeclaration-after-statement  -DUSE_MEMORY_H   conftest.c -lm   >&5
clang: warning: -O4 is equivalent to -O3
conftest.c:30:6: warning: incompatible redeclaration of library function 'cos' [-Wincompatible-library-redeclaration]
char cos ();
     ^
conftest.c:30:6: note: 'cos' is a builtin with type 'double (double)'
1 warning generated.
configure:12395: $? = 0
configure:12404: result: yes
configure:12412: checking for pthread_create in -lpthread
configure:12437: gcc -o conftest -DDARWIN -fno-common -force_cpusubtype_ALL -Wall -g -O4 -ffast-math -fsigned-char -Wdeclaration-after-statement  -DUSE_MEMORY_H   conftest.c -lpthread   >&5
clang: warning: -O4 is equivalent to -O3
configure:12437: $? = 0
configure:12446: result: yes
configure:12504: checking for pkg-config
configure:12522: found /usr/local/bin/pkg-config
configure:12534: result: /usr/local/bin/pkg-config
configure:12559: checking pkg-config is at least version 0.9.0
configure:12562: result: yes
configure:12577: checking for OGG
configure:12585: $PKG_CONFIG --exists --print-errors "ogg >= 1.0"
Package ogg was not found in the pkg-config search path.
Perhaps you should add the directory containing `ogg.pc'
to the PKG_CONFIG_PATH environment variable
No package 'ogg' found
configure:12588: $? = 1
configure:12603: $PKG_CONFIG --exists --print-errors "ogg >= 1.0"
Package ogg was not found in the pkg-config search path.
Perhaps you should add the directory containing `ogg.pc'
to the PKG_CONFIG_PATH environment variable
No package 'ogg' found
configure:12606: $? = 1
No package 'ogg' found
configure:12634: result: no
configure:12705: checking for Ogg
configure:12740: gcc -o conftest -DDARWIN -fno-common -force_cpusubtype_ALL -Wall -g -O4 -ffast-math -fsigned-char -Wdeclaration-after-statement  -DUSE_MEMORY_H    conftest.c   -logg >&5
clang: warning: -O4 is equivalent to -O3
conftest.c:27:10: fatal error: 'ogg/ogg.h' file not found
#include <ogg/ogg.h>
         ^
1 error generated.
configure:12740: $? = 1
configure: program exited with status 1
configure: failed program was:
| /* confdefs.h */
| #define PACKAGE_NAME "libvorbis"
| #define PACKAGE_TARNAME "libvorbis"
| #define PACKAGE_VERSION "1.3.4"
| #define PACKAGE_STRING "libvorbis 1.3.4"
| #define PACKAGE_BUGREPORT "vorbis-dev@xiph.org"
| #define PACKAGE_URL ""
| #define PACKAGE "libvorbis"
| #define VERSION "1.3.4"
| #define STDC_HEADERS 1
| #define HAVE_SYS_TYPES_H 1
| #define HAVE_SYS_STAT_H 1
| #define HAVE_STDLIB_H 1
| #define HAVE_STRING_H 1
| #define HAVE_MEMORY_H 1
| #define HAVE_STRINGS_H 1
| #define HAVE_INTTYPES_H 1
| #define HAVE_STDINT_H 1
| #define HAVE_UNISTD_H 1
| #define HAVE_DLFCN_H 1
| #define LT_OBJDIR ".libs/"
| /* end confdefs.h.  */
| 
| #include <stdio.h>
| #include <stdlib.h>
| #include <string.h>
| #include <ogg/ogg.h>
| 
| int main ()
| {
|   system("touch conf.oggtest");
|   return 0;
| }
| 
| 
configure:12762: result: no
configure:12784: gcc -o conftest -DDARWIN -fno-common -force_cpusubtype_ALL -Wall -g -O4 -ffast-math -fsigned-char -Wdeclaration-after-statement  -DUSE_MEMORY_H    conftest.c   -logg >&5
clang: warning: -O4 is equivalent to -O3
conftest.c:25:10: fatal error: 'ogg/ogg.h' file not found
#include <ogg/ogg.h>
         ^
1 error generated.
configure:12784: $? = 1
configure: failed program was:
| /* confdefs.h */
| #define PACKAGE_NAME "libvorbis"
| #define PACKAGE_TARNAME "libvorbis"
| #define PACKAGE_VERSION "1.3.4"
| #define PACKAGE_STRING "libvorbis 1.3.4"
| #define PACKAGE_BUGREPORT "vorbis-dev@xiph.org"
| #define PACKAGE_URL ""
| #define PACKAGE "libvorbis"
| #define VERSION "1.3.4"
| #define STDC_HEADERS 1
| #define HAVE_SYS_TYPES_H 1
| #define HAVE_SYS_STAT_H 1
| #define HAVE_STDLIB_H 1
| #define HAVE_STRING_H 1
| #define HAVE_MEMORY_H 1
| #define HAVE_STRINGS_H 1
| #define HAVE_INTTYPES_H 1
| #define HAVE_STDINT_H 1
| #define HAVE_UNISTD_H 1
| #define HAVE_DLFCN_H 1
| #define LT_OBJDIR ".libs/"
| /* end confdefs.h.  */
| 
| #include <stdio.h>
| #include <ogg/ogg.h>
| 
| int
| main ()
| {
|  return 0;
|   ;
|   return 0;
| }
configure:12806: error: must have Ogg installed!

## ---------------- ##
## Cache variables. ##
## ---------------- ##

ac_cv_build=x86_64-apple-darwin13.1.0
ac_cv_c_compiler_gnu=yes
ac_cv_c_inline=inline
ac_cv_env_CC_set=
ac_cv_env_CC_value=
ac_cv_env_CFLAGS_set=
ac_cv_env_CFLAGS_value=
ac_cv_env_CPPFLAGS_set=
ac_cv_env_CPPFLAGS_value=
ac_cv_env_CPP_set=
ac_cv_env_CPP_value=
ac_cv_env_LDFLAGS_set=
ac_cv_env_LDFLAGS_value=
ac_cv_env_LIBS_set=
ac_cv_env_LIBS_value=
ac_cv_env_OGG_CFLAGS_set=
ac_cv_env_OGG_CFLAGS_value=
ac_cv_env_OGG_LIBS_set=
ac_cv_env_OGG_LIBS_value=
ac_cv_env_PKG_CONFIG_set=
ac_cv_env_PKG_CONFIG_value=
ac_cv_env_build_alias_set=
ac_cv_env_build_alias_value=
ac_cv_env_host_alias_set=
ac_cv_env_host_alias_value=
ac_cv_env_target_alias_set=
ac_cv_env_target_alias_value=
ac_cv_header_dlfcn_h=yes
ac_cv_header_inttypes_h=yes
ac_cv_header_memory_h=yes
ac_cv_header_stdc=yes
ac_cv_header_stdint_h=yes
ac_cv_header_stdlib_h=yes
ac_cv_header_string_h=yes
ac_cv_header_strings_h=yes
ac_cv_header_sys_stat_h=yes
ac_cv_header_sys_types_h=yes
ac_cv_header_unistd_h=yes
ac_cv_host=x86_64-apple-darwin13.1.0
ac_cv_lib_m_cos=yes
ac_cv_lib_pthread_pthread_create=yes
ac_cv_objext=o
ac_cv_path_EGREP='/usr/bin/grep -E'
ac_cv_path_FGREP='/usr/bin/grep -F'
ac_cv_path_GREP=/usr/bin/grep
ac_cv_path_SED=/usr/bin/sed
ac_cv_path_ac_pt_PKG_CONFIG=/usr/local/bin/pkg-config
ac_cv_path_install='/usr/bin/install -c'
ac_cv_prog_AWK=awk
ac_cv_prog_CPP='gcc -E'
ac_cv_prog_ac_ct_AR=ar
ac_cv_prog_ac_ct_CC=gcc
ac_cv_prog_ac_ct_DLLTOOL=dlltool
ac_cv_prog_ac_ct_DSYMUTIL=dsymutil
ac_cv_prog_ac_ct_LIPO=lipo
ac_cv_prog_ac_ct_NMEDIT=nmedit
ac_cv_prog_ac_ct_OBJDUMP=objdump
ac_cv_prog_ac_ct_OTOOL=otool
ac_cv_prog_ac_ct_RANLIB=ranlib
ac_cv_prog_ac_ct_STRIP=strip
ac_cv_prog_cc_c89=
ac_cv_prog_cc_g=yes
ac_cv_prog_make_make_set=yes
ac_cv_target=x86_64-apple-darwin13.1.0
am_cv_CC_dependencies_compiler_type=gcc3
am_cv_make_support_nested_variables=yes
am_cv_prog_cc_c_o=yes
lt_cv_apple_cc_single_mod=yes
lt_cv_ar_at_file=no
lt_cv_deplibs_check_method=pass_all
lt_cv_file_magic_cmd='$MAGIC_CMD'
lt_cv_file_magic_test_file=
lt_cv_ld_exported_symbols_list=yes
lt_cv_ld_force_load=yes
lt_cv_ld_reload_flag=-r
lt_cv_nm_interface='BSD nm'
lt_cv_objdir=.libs
lt_cv_path_LD=/Applications/Xcode.app/Contents/Developer/Toolchains/XcodeDefault.xctoolchain/usr/bin/ld
lt_cv_path_NM=/usr/bin/nm
lt_cv_path_mainfest_tool=no
lt_cv_prog_compiler_c_o=yes
lt_cv_prog_compiler_pic='-fno-common -DPIC'
lt_cv_prog_compiler_pic_works=yes
lt_cv_prog_compiler_rtti_exceptions=yes
lt_cv_prog_compiler_static_works=no
lt_cv_prog_gnu_ld=no
lt_cv_sharedlib_from_linklib_cmd='printf %s\n'
lt_cv_sys_global_symbol_pipe='sed -n -e '\''s/^.*[	 ]\([BCDEGRST][BCDEGRST]*\)[	 ][	 ]*_\([_A-Za-z][_A-Za-z0-9]*\)$/\1 _\2 \2/p'\'' | sed '\''/ __gnu_lto/d'\'''
lt_cv_sys_global_symbol_to_c_name_address='sed -n -e '\''s/^: \([^ ]*\)[ ]*$/  {\"\1\", (void *) 0},/p'\'' -e '\''s/^[BCDEGRST]* \([^ ]*\) \([^ ]*\)$/  {"\2", (void *) \&\2},/p'\'''
lt_cv_sys_global_symbol_to_c_name_address_lib_prefix='sed -n -e '\''s/^: \([^ ]*\)[ ]*$/  {\"\1\", (void *) 0},/p'\'' -e '\''s/^[BCDEGRST]* \([^ ]*\) \(lib[^ ]*\)$/  {"\2", (void *) \&\2},/p'\'' -e '\''s/^[BCDEGRST]* \([^ ]*\) \([^ ]*\)$/  {"lib\2", (void *) \&\2},/p'\'''
lt_cv_sys_global_symbol_to_cdecl='sed -n -e '\''s/^T .* \(.*\)$/extern int \1();/p'\'' -e '\''s/^[BCDEGRST]* .* \(.*\)$/extern char \1;/p'\'''
lt_cv_sys_max_cmd_len=196608
lt_cv_to_host_file_cmd=func_convert_file_noop
lt_cv_to_tool_file_cmd=func_convert_file_noop

## ----------------- ##
## Output variables. ##
## ----------------- ##

ACLOCAL='aclocal-1.14'
ACLOCAL_AMFLAGS='-I m4'
ALLOCA=''
AMDEPBACKSLASH='\'
AMDEP_FALSE='#'
AMDEP_TRUE=''
AMTAR='$${TAR-tar}'
AM_BACKSLASH='\'
AM_DEFAULT_V='$(AM_DEFAULT_VERBOSITY)'
AM_DEFAULT_VERBOSITY='1'
AM_V='$(V)'
AR='ar'
AS='as'
AUTOCONF='autoconf'
AUTOHEADER='autoheader'
AUTOMAKE='automake-1.14'
AWK='awk'
BUILD_DOCS_FALSE=''
BUILD_DOCS_TRUE='#'
BUILD_EXAMPLES_FALSE=''
BUILD_EXAMPLES_TRUE='#'
CC='gcc'
CCDEPMODE='depmode=gcc3'
CFLAGS='-DDARWIN -fno-common -force_cpusubtype_ALL -Wall -g -O4 -ffast-math -fsigned-char -Wdeclaration-after-statement  -DUSE_MEMORY_H'
CPP='gcc -E'
CPPFLAGS=''
CYGPATH_W='echo'
DEBUG='-DDARWIN -fno-common -force_cpusubtype_ALL -Wall -g -O0 -fsigned-char'
DEFS=''
DEPDIR='.deps'
DLLTOOL='dlltool'
DSYMUTIL='dsymutil'
DUMPBIN=''
ECHO_C='\c'
ECHO_N=''
ECHO_T=''
EGREP='/usr/bin/grep -E'
EXEEXT=''
FGREP='/usr/bin/grep -F'
GREP='/usr/bin/grep'
HAVE_DOXYGEN='false'
HAVE_DOXYGEN_FALSE=''
HAVE_DOXYGEN_TRUE='#'
HTLATEX=''
INSTALL_DATA='${INSTALL} -m 644'
INSTALL_PROGRAM='${INSTALL}'
INSTALL_SCRIPT='${INSTALL}'
INSTALL_STRIP_PROGRAM='$(install_sh) -c -s'
LD='/Applications/Xcode.app/Contents/Developer/Toolchains/XcodeDefault.xctoolchain/usr/bin/ld'
LDFLAGS=''
LIBOBJS=''
LIBS=''
LIBTOOL='$(SHELL) $(top_builddir)/libtool'
LIBTOOL_DEPS='./ltmain.sh'
LIPO='lipo'
LN_S='ln -s'
LTLIBOBJS=''
MAINT=''
MAINTAINER_MODE_FALSE='#'
MAINTAINER_MODE_TRUE=''
MAKEINFO='makeinfo'
MANIFEST_TOOL=':'
MKDIR_P='./install-sh -c -d'
NM='/usr/bin/nm'
NMEDIT='nmedit'
OBJDUMP='objdump'
OBJEXT='o'
OGG_CFLAGS=''
OGG_LIBS=''
OTOOL64=':'
OTOOL='otool'
PACKAGE='libvorbis'
PACKAGE_BUGREPORT='vorbis-dev@xiph.org'
PACKAGE_NAME='libvorbis'
PACKAGE_STRING='libvorbis 1.3.4'
PACKAGE_TARNAME='libvorbis'
PACKAGE_URL=''
PACKAGE_VERSION='1.3.4'
PATH_SEPARATOR=':'
PDFLATEX=''
PKG_CONFIG='/usr/local/bin/pkg-config'
PROFILE='-DDARWIN -fno-common -force_cpusubtype_ALL -Wall -g -pg -O4 -ffast-math -fsigned-char'
RANLIB='ranlib'
SED='/usr/bin/sed'
SET_MAKE=''
SHELL='/bin/sh'
STRIP='strip'
VERSION='1.3.4'
VE_LIB_AGE='0'
VE_LIB_CURRENT='2'
VE_LIB_REVISION='10'
VF_LIB_AGE='3'
VF_LIB_CURRENT='6'
VF_LIB_REVISION='6'
VORBIS_LIBS='-lm'
V_LIB_AGE='4'
V_LIB_CURRENT='4'
V_LIB_REVISION='7'
ac_ct_AR='ar'
ac_ct_CC='gcc'
ac_ct_DUMPBIN=''
am__EXEEXT_FALSE=''
am__EXEEXT_TRUE=''
am__fastdepCC_FALSE='#'
am__fastdepCC_TRUE=''
am__include='include'
am__isrc=''
am__leading_dot='.'
am__nodep='_no'
am__quote=''
am__tar='$${TAR-tar} chof - "$$tardir"'
am__untar='$${TAR-tar} xf -'
bindir='${exec_prefix}/bin'
build='x86_64-apple-darwin13.1.0'
build_alias=''
build_cpu='x86_64'
build_os='darwin13.1.0'
build_vendor='apple'
datadir='${datarootdir}'
datarootdir='${prefix}/share'
docdir='${datarootdir}/doc/${PACKAGE_TARNAME}'
dvidir='${docdir}'
exec_prefix='NONE'
host='x86_64-apple-darwin13.1.0'
host_alias=''
host_cpu='x86_64'
host_os='darwin13.1.0'
host_vendor='apple'
htmldir='${docdir}'
includedir='${prefix}/include'
infodir='${datarootdir}/info'
install_sh='${SHELL} /Users/sd/src/libpd/pure-data/extra/oggread~/libvorbis-1.3.4/install-sh'
libdir='${exec_prefix}/lib'
libexecdir='${exec_prefix}/libexec'
localedir='${datarootdir}/locale'
localstatedir='${prefix}/var'
mandir='${datarootdir}/man'
mkdir_p='$(MKDIR_P)'
oldincludedir='/usr/include'
pdfdir='${docdir}'
prefix='NONE'
program_transform_name='s,x,x,'
psdir='${docdir}'
pthread_lib='-lpthread'
sbindir='${exec_prefix}/sbin'
sharedstatedir='${prefix}/com'
sysconfdir='${prefix}/etc'
target='x86_64-apple-darwin13.1.0'
target_alias=''
target_cpu='x86_64'
target_os='darwin13.1.0'
target_vendor='apple'

## ----------- ##
## confdefs.h. ##
## ----------- ##

/* confdefs.h */
#define PACKAGE_NAME "libvorbis"
#define PACKAGE_TARNAME "libvorbis"
#define PACKAGE_VERSION "1.3.4"
#define PACKAGE_STRING "libvorbis 1.3.4"
#define PACKAGE_BUGREPORT "vorbis-dev@xiph.org"
#define PACKAGE_URL ""
#define PACKAGE "libvorbis"
#define VERSION "1.3.4"
#define STDC_HEADERS 1
#define HAVE_SYS_TYPES_H 1
#define HAVE_SYS_STAT_H 1
#define HAVE_STDLIB_H 1
#define HAVE_STRING_H 1
#define HAVE_MEMORY_H 1
#define HAVE_STRINGS_H 1
#define HAVE_INTTYPES_H 1
#define HAVE_STDINT_H 1
#define HAVE_UNISTD_H 1
#define HAVE_DLFCN_H 1
#define LT_OBJDIR ".libs/"

configure: exit 1
